<?xml version="1.0" encoding="UTF-8"?>
<!-- Generated by org.testng.reporters.JUnitXMLReporter -->
<testsuite hostname="NCDWIN7PXD15324" name="Default test" tests="3" failures="0" timestamp="13 Nov 2019 06:13:11 GMT" time="29.628" errors="0">
  <testcase name="LogintoCLRApplication" time="3.638" classname="au.wow.WLPmain.WeeklyTradingStatement.WeeklyTradingStatementStore"/>
  <testcase name="SalesColumnValidation" time="13.659" classname="au.wow.WLPmain.WeeklyTradingStatement.WeeklyTradingStatementStore"/>
  <testcase name="LogoutCLRApplication" time="0.363" classname="au.wow.WLPmain.WeeklyTradingStatement.WeeklyTradingStatementStore"/>
</testsuite> <!-- Default test -->
