<?xml version="1.0" encoding="UTF-8"?>
<!-- Generated by org.testng.reporters.JUnitXMLReporter -->
<testsuite hostname="NCDWIN7PXD05111" name="Default test" tests="3" failures="0" timestamp="3 Dec 2019 15:38:32 GMT" time="65.53" errors="0">
  <testcase name="LogintoCLRApplication" time="3.962" classname="au.wow.WLPmain.tests.WeeklyPlanning_GroupManagerApprovalTest"/>
  <testcase name="GroupManagerApproval" time="54.609" classname="au.wow.WLPmain.tests.WeeklyPlanning_GroupManagerApprovalTest"/>
  <testcase name="LogoutCLRApplication" time="0.657" classname="au.wow.WLPmain.tests.WeeklyPlanning_GroupManagerApprovalTest"/>
</testsuite> <!-- Default test -->
