<?xml version="1.0" encoding="UTF-8"?>
<testng-results skipped="0" failed="0" total="3" passed="3">
  <reporter-output>
  </reporter-output>
  <suite name="Default suite" duration-ms="135989" started-at="2019-12-02T17:40:14Z" finished-at="2019-12-02T17:42:30Z">
    <groups>
    </groups>
    <test name="Default test" duration-ms="135989" started-at="2019-12-02T17:40:14Z" finished-at="2019-12-02T17:42:30Z">
      <class name="au.wow.WLPmain.tests.WeeklyPlanning_GroupManagerApprovalTest">
        <test-method status="PASS" signature="onStart()[pri:0, instance:au.wow.WLPmain.tests.WeeklyPlanning_GroupManagerApprovalTest@68ead359]" name="onStart" is-config="true" duration-ms="1048" started-at="2019-12-02T23:10:13Z" finished-at="2019-12-02T23:10:14Z">
          <reporter-output>
          </reporter-output>
        </test-method> <!-- onStart -->
        <test-method status="PASS" signature="loadXMLFile()[pri:0, instance:au.wow.WLPmain.tests.WeeklyPlanning_GroupManagerApprovalTest@68ead359]" name="loadXMLFile" is-config="true" duration-ms="7967" started-at="2019-12-02T23:10:14Z" finished-at="2019-12-02T23:10:22Z">
          <reporter-output>
          </reporter-output>
        </test-method> <!-- loadXMLFile -->
        <test-method status="PASS" signature="setUpItemPrice(java.lang.reflect.Method, org.testng.ITestContext)[pri:0, instance:au.wow.WLPmain.tests.WeeklyPlanning_GroupManagerApprovalTest@68ead359]" name="setUpItemPrice" is-config="true" duration-ms="111" started-at="2019-12-02T23:10:22Z" finished-at="2019-12-02T23:10:22Z">
          <params>
            <param index="0">
              <value>
                <![CDATA[public void au.wow.WLPmain.tests.WeeklyPlanning_GroupManagerApprovalTest.LogintoCLRApplication() throws java.lang.Exception]]>
              </value>
            </param>
            <param index="1">
              <value>
                <![CDATA[org.testng.TestRunner@39de9bda]]>
              </value>
            </param>
          </params>
          <reporter-output>
          </reporter-output>
        </test-method> <!-- setUpItemPrice -->
        <test-method status="PASS" signature="LogintoCLRApplication()[pri:0, instance:au.wow.WLPmain.tests.WeeklyPlanning_GroupManagerApprovalTest@68ead359]" name="LogintoCLRApplication" duration-ms="3856" started-at="2019-12-02T23:10:22Z" finished-at="2019-12-02T23:10:26Z">
          <reporter-output>
          </reporter-output>
        </test-method> <!-- LogintoCLRApplication -->
        <test-method status="PASS" signature="flushReports(org.testng.ITestResult, java.lang.reflect.Method)[pri:0, instance:au.wow.WLPmain.tests.WeeklyPlanning_GroupManagerApprovalTest@68ead359]" name="flushReports" is-config="true" duration-ms="0" started-at="2019-12-02T23:10:26Z" finished-at="2019-12-02T23:10:26Z">
          <params>
            <param index="0">
              <value>
                <![CDATA[[TestResult name=LogintoCLRApplication status=SUCCESS method=WeeklyPlanning_GroupManagerApprovalTest.LogintoCLRApplication()[pri:0, instance:au.wow.WLPmain.tests.WeeklyPlanning_GroupManagerApprovalTest@68ead359] output={null}]]]>
              </value>
            </param>
            <param index="1">
              <value>
                <![CDATA[public void au.wow.WLPmain.tests.WeeklyPlanning_GroupManagerApprovalTest.LogintoCLRApplication() throws java.lang.Exception]]>
              </value>
            </param>
          </params>
          <reporter-output>
          </reporter-output>
        </test-method> <!-- flushReports -->
        <test-method status="PASS" signature="setUpItemPrice(java.lang.reflect.Method, org.testng.ITestContext)[pri:0, instance:au.wow.WLPmain.tests.WeeklyPlanning_GroupManagerApprovalTest@68ead359]" name="setUpItemPrice" is-config="true" duration-ms="32" started-at="2019-12-02T23:10:26Z" finished-at="2019-12-02T23:10:26Z">
          <params>
            <param index="0">
              <value>
                <![CDATA[public void au.wow.WLPmain.tests.WeeklyPlanning_GroupManagerApprovalTest.GroupManagerApproval() throws java.lang.Exception]]>
              </value>
            </param>
            <param index="1">
              <value>
                <![CDATA[org.testng.TestRunner@39de9bda]]>
              </value>
            </param>
          </params>
          <reporter-output>
          </reporter-output>
        </test-method> <!-- setUpItemPrice -->
        <test-method status="PASS" signature="GroupManagerApproval()[pri:1, instance:au.wow.WLPmain.tests.WeeklyPlanning_GroupManagerApprovalTest@68ead359]" name="GroupManagerApproval" duration-ms="123157" started-at="2019-12-02T23:10:26Z" finished-at="2019-12-02T23:12:29Z">
          <reporter-output>
          </reporter-output>
        </test-method> <!-- GroupManagerApproval -->
        <test-method status="PASS" signature="LogoutCLRApplication()[pri:2, instance:au.wow.WLPmain.tests.WeeklyPlanning_GroupManagerApprovalTest@68ead359]" name="LogoutCLRApplication" duration-ms="350" started-at="2019-12-02T23:12:29Z" finished-at="2019-12-02T23:12:29Z">
          <reporter-output>
          </reporter-output>
        </test-method> <!-- LogoutCLRApplication -->
        <test-method status="PASS" signature="setUpItemPrice(java.lang.reflect.Method, org.testng.ITestContext)[pri:0, instance:au.wow.WLPmain.tests.WeeklyPlanning_GroupManagerApprovalTest@68ead359]" name="setUpItemPrice" is-config="true" duration-ms="0" started-at="2019-12-02T23:12:29Z" finished-at="2019-12-02T23:12:29Z">
          <params>
            <param index="0">
              <value>
                <![CDATA[public void au.wow.WLPmain.tests.WeeklyPlanning_GroupManagerApprovalTest.LogoutCLRApplication() throws java.lang.Exception]]>
              </value>
            </param>
            <param index="1">
              <value>
                <![CDATA[org.testng.TestRunner@39de9bda]]>
              </value>
            </param>
          </params>
          <reporter-output>
          </reporter-output>
        </test-method> <!-- setUpItemPrice -->
        <test-method status="PASS" signature="flushReports(org.testng.ITestResult, java.lang.reflect.Method)[pri:0, instance:au.wow.WLPmain.tests.WeeklyPlanning_GroupManagerApprovalTest@68ead359]" name="flushReports" is-config="true" duration-ms="0" started-at="2019-12-02T23:12:29Z" finished-at="2019-12-02T23:12:29Z">
          <params>
            <param index="0">
              <value>
                <![CDATA[[TestResult name=GroupManagerApproval status=SUCCESS method=WeeklyPlanning_GroupManagerApprovalTest.GroupManagerApproval()[pri:1, instance:au.wow.WLPmain.tests.WeeklyPlanning_GroupManagerApprovalTest@68ead359] output={null}]]]>
              </value>
            </param>
            <param index="1">
              <value>
                <![CDATA[public void au.wow.WLPmain.tests.WeeklyPlanning_GroupManagerApprovalTest.GroupManagerApproval() throws java.lang.Exception]]>
              </value>
            </param>
          </params>
          <reporter-output>
          </reporter-output>
        </test-method> <!-- flushReports -->
        <test-method status="PASS" signature="flushReports(org.testng.ITestResult, java.lang.reflect.Method)[pri:0, instance:au.wow.WLPmain.tests.WeeklyPlanning_GroupManagerApprovalTest@68ead359]" name="flushReports" is-config="true" duration-ms="1" started-at="2019-12-02T23:12:29Z" finished-at="2019-12-02T23:12:29Z">
          <params>
            <param index="0">
              <value>
                <![CDATA[[TestResult name=LogoutCLRApplication status=SUCCESS method=WeeklyPlanning_GroupManagerApprovalTest.LogoutCLRApplication()[pri:2, instance:au.wow.WLPmain.tests.WeeklyPlanning_GroupManagerApprovalTest@68ead359] output={null}]]]>
              </value>
            </param>
            <param index="1">
              <value>
                <![CDATA[public void au.wow.WLPmain.tests.WeeklyPlanning_GroupManagerApprovalTest.LogoutCLRApplication() throws java.lang.Exception]]>
              </value>
            </param>
          </params>
          <reporter-output>
          </reporter-output>
        </test-method> <!-- flushReports -->
        <test-method status="PASS" signature="tearDown()[pri:0, instance:au.wow.WLPmain.tests.WeeklyPlanning_GroupManagerApprovalTest@68ead359]" name="tearDown" is-config="true" duration-ms="514" started-at="2019-12-02T23:12:29Z" finished-at="2019-12-02T23:12:30Z">
          <reporter-output>
          </reporter-output>
        </test-method> <!-- tearDown -->
        <test-method status="FAIL" signature="flushReports1()[pri:0, instance:au.wow.WLPmain.tests.WeeklyPlanning_GroupManagerApprovalTest@68ead359]" name="flushReports1" is-config="true" duration-ms="0" started-at="2019-12-02T23:12:30Z" finished-at="2019-12-02T23:12:30Z">
          <exception class="java.lang.NullPointerException">
            <full-stacktrace>
              <![CDATA[java.lang.NullPointerException
	at au.wow.wlp.utils.TestBase.flushReports1(TestBase.java:245)
	at sun.reflect.NativeMethodAccessorImpl.invoke0(Native Method)
	at sun.reflect.NativeMethodAccessorImpl.invoke(Unknown Source)
	at sun.reflect.DelegatingMethodAccessorImpl.invoke(Unknown Source)
	at java.lang.reflect.Method.invoke(Unknown Source)
	at org.testng.internal.MethodInvocationHelper.invokeMethod(MethodInvocationHelper.java:85)
	at org.testng.internal.Invoker.invokeConfigurationMethod(Invoker.java:510)
	at org.testng.internal.Invoker.invokeConfigurations(Invoker.java:211)
	at org.testng.internal.Invoker.invokeConfigurations(Invoker.java:138)
	at org.testng.SuiteRunner.privateRun(SuiteRunner.java:329)
	at org.testng.SuiteRunner.run(SuiteRunner.java:261)
	at org.testng.SuiteRunnerWorker.runSuite(SuiteRunnerWorker.java:52)
	at org.testng.SuiteRunnerWorker.run(SuiteRunnerWorker.java:86)
	at org.testng.TestNG.runSuitesSequentially(TestNG.java:1215)
	at org.testng.TestNG.runSuitesLocally(TestNG.java:1140)
	at org.testng.TestNG.run(TestNG.java:1048)
	at org.testng.remote.AbstractRemoteTestNG.run(AbstractRemoteTestNG.java:115)
	at org.testng.remote.RemoteTestNG.initAndRun(RemoteTestNG.java:251)
	at org.testng.remote.RemoteTestNG.main(RemoteTestNG.java:77)
]]>
            </full-stacktrace>
          </exception> <!-- java.lang.NullPointerException -->
          <reporter-output>
          </reporter-output>
        </test-method> <!-- flushReports1 -->
      </class> <!-- au.wow.WLPmain.tests.WeeklyPlanning_GroupManagerApprovalTest -->
    </test> <!-- Default test -->
  </suite> <!-- Default suite -->
</testng-results>
