<?xml version="1.0" encoding="UTF-8"?>
<testng-results skipped="0" failed="0" total="3" passed="3">
  <reporter-output>
  </reporter-output>
  <suite name="Default suite" duration-ms="29628" started-at="2019-11-13T06:12:41Z" finished-at="2019-11-13T06:13:10Z">
    <groups>
    </groups>
    <test name="Default test" duration-ms="29628" started-at="2019-11-13T06:12:41Z" finished-at="2019-11-13T06:13:10Z">
      <class name="au.wow.WLPmain.WeeklyTradingStatement.WeeklyTradingStatementStore">
        <test-method status="PASS" signature="onStart()[pri:0, instance:au.wow.WLPmain.WeeklyTradingStatement.WeeklyTradingStatementStore@18920cc]" name="onStart" is-config="true" duration-ms="1084" started-at="2019-11-13T17:12:40Z" finished-at="2019-11-13T17:12:41Z">
          <reporter-output>
          </reporter-output>
        </test-method> <!-- onStart -->
        <test-method status="PASS" signature="loadXMLFile()[pri:0, instance:au.wow.WLPmain.WeeklyTradingStatement.WeeklyTradingStatementStore@18920cc]" name="loadXMLFile" is-config="true" duration-ms="10281" started-at="2019-11-13T17:12:41Z" finished-at="2019-11-13T17:12:51Z">
          <reporter-output>
          </reporter-output>
        </test-method> <!-- loadXMLFile -->
        <test-method status="PASS" signature="setUpItemPrice(java.lang.reflect.Method, org.testng.ITestContext)[pri:0, instance:au.wow.WLPmain.WeeklyTradingStatement.WeeklyTradingStatementStore@18920cc]" name="setUpItemPrice" is-config="true" duration-ms="257" started-at="2019-11-13T17:12:51Z" finished-at="2019-11-13T17:12:51Z">
          <params>
            <param index="0">
              <value>
                <![CDATA[public void au.wow.WLPmain.WeeklyTradingStatement.WeeklyTradingStatementStore.LogintoCLRApplication() throws java.lang.Exception]]>
              </value>
            </param>
            <param index="1">
              <value>
                <![CDATA[org.testng.TestRunner@76b47204]]>
              </value>
            </param>
          </params>
          <reporter-output>
          </reporter-output>
        </test-method> <!-- setUpItemPrice -->
        <test-method status="PASS" signature="LogintoCLRApplication()[pri:0, instance:au.wow.WLPmain.WeeklyTradingStatement.WeeklyTradingStatementStore@18920cc]" name="LogintoCLRApplication" duration-ms="3638" started-at="2019-11-13T17:12:51Z" finished-at="2019-11-13T17:12:55Z">
          <reporter-output>
          </reporter-output>
        </test-method> <!-- LogintoCLRApplication -->
        <test-method status="PASS" signature="setUpItemPrice(java.lang.reflect.Method, org.testng.ITestContext)[pri:0, instance:au.wow.WLPmain.WeeklyTradingStatement.WeeklyTradingStatementStore@18920cc]" name="setUpItemPrice" is-config="true" duration-ms="8" started-at="2019-11-13T17:12:55Z" finished-at="2019-11-13T17:12:55Z">
          <params>
            <param index="0">
              <value>
                <![CDATA[public void au.wow.WLPmain.WeeklyTradingStatement.WeeklyTradingStatementStore.SalesColumnValidation() throws java.lang.Exception]]>
              </value>
            </param>
            <param index="1">
              <value>
                <![CDATA[org.testng.TestRunner@76b47204]]>
              </value>
            </param>
          </params>
          <reporter-output>
          </reporter-output>
        </test-method> <!-- setUpItemPrice -->
        <test-method status="PASS" signature="flushReports(org.testng.ITestResult, java.lang.reflect.Method)[pri:0, instance:au.wow.WLPmain.WeeklyTradingStatement.WeeklyTradingStatementStore@18920cc]" name="flushReports" is-config="true" duration-ms="0" started-at="2019-11-13T17:12:55Z" finished-at="2019-11-13T17:12:55Z">
          <params>
            <param index="0">
              <value>
                <![CDATA[[TestResult name=LogintoCLRApplication status=SUCCESS method=WeeklyTradingStatementStore.LogintoCLRApplication()[pri:0, instance:au.wow.WLPmain.WeeklyTradingStatement.WeeklyTradingStatementStore@18920cc] output={null}]]]>
              </value>
            </param>
            <param index="1">
              <value>
                <![CDATA[public void au.wow.WLPmain.WeeklyTradingStatement.WeeklyTradingStatementStore.LogintoCLRApplication() throws java.lang.Exception]]>
              </value>
            </param>
          </params>
          <reporter-output>
          </reporter-output>
        </test-method> <!-- flushReports -->
        <test-method status="PASS" signature="SalesColumnValidation()[pri:1, instance:au.wow.WLPmain.WeeklyTradingStatement.WeeklyTradingStatementStore@18920cc]" name="SalesColumnValidation" duration-ms="13659" started-at="2019-11-13T17:12:55Z" description="Weekly Trading Statement - Store, SalesColumnValidation" finished-at="2019-11-13T17:13:09Z">
          <reporter-output>
          </reporter-output>
        </test-method> <!-- SalesColumnValidation -->
        <test-method status="PASS" signature="flushReports(org.testng.ITestResult, java.lang.reflect.Method)[pri:0, instance:au.wow.WLPmain.WeeklyTradingStatement.WeeklyTradingStatementStore@18920cc]" name="flushReports" is-config="true" duration-ms="0" started-at="2019-11-13T17:13:09Z" finished-at="2019-11-13T17:13:09Z">
          <params>
            <param index="0">
              <value>
                <![CDATA[[TestResult name=SalesColumnValidation status=SUCCESS method=WeeklyTradingStatementStore.SalesColumnValidation()[pri:1, instance:au.wow.WLPmain.WeeklyTradingStatement.WeeklyTradingStatementStore@18920cc] output={null}]]]>
              </value>
            </param>
            <param index="1">
              <value>
                <![CDATA[public void au.wow.WLPmain.WeeklyTradingStatement.WeeklyTradingStatementStore.SalesColumnValidation() throws java.lang.Exception]]>
              </value>
            </param>
          </params>
          <reporter-output>
          </reporter-output>
        </test-method> <!-- flushReports -->
        <test-method status="PASS" signature="setUpItemPrice(java.lang.reflect.Method, org.testng.ITestContext)[pri:0, instance:au.wow.WLPmain.WeeklyTradingStatement.WeeklyTradingStatementStore@18920cc]" name="setUpItemPrice" is-config="true" duration-ms="6" started-at="2019-11-13T17:13:09Z" finished-at="2019-11-13T17:13:09Z">
          <params>
            <param index="0">
              <value>
                <![CDATA[public void au.wow.WLPmain.WeeklyTradingStatement.WeeklyTradingStatementStore.LogoutCLRApplication() throws java.lang.Exception]]>
              </value>
            </param>
            <param index="1">
              <value>
                <![CDATA[org.testng.TestRunner@76b47204]]>
              </value>
            </param>
          </params>
          <reporter-output>
          </reporter-output>
        </test-method> <!-- setUpItemPrice -->
        <test-method status="PASS" signature="LogoutCLRApplication()[pri:16, instance:au.wow.WLPmain.WeeklyTradingStatement.WeeklyTradingStatementStore@18920cc]" name="LogoutCLRApplication" duration-ms="363" started-at="2019-11-13T17:13:09Z" finished-at="2019-11-13T17:13:09Z">
          <reporter-output>
          </reporter-output>
        </test-method> <!-- LogoutCLRApplication -->
        <test-method status="PASS" signature="flushReports(org.testng.ITestResult, java.lang.reflect.Method)[pri:0, instance:au.wow.WLPmain.WeeklyTradingStatement.WeeklyTradingStatementStore@18920cc]" name="flushReports" is-config="true" duration-ms="1" started-at="2019-11-13T17:13:09Z" finished-at="2019-11-13T17:13:09Z">
          <params>
            <param index="0">
              <value>
                <![CDATA[[TestResult name=LogoutCLRApplication status=SUCCESS method=WeeklyTradingStatementStore.LogoutCLRApplication()[pri:16, instance:au.wow.WLPmain.WeeklyTradingStatement.WeeklyTradingStatementStore@18920cc] output={null}]]]>
              </value>
            </param>
            <param index="1">
              <value>
                <![CDATA[public void au.wow.WLPmain.WeeklyTradingStatement.WeeklyTradingStatementStore.LogoutCLRApplication() throws java.lang.Exception]]>
              </value>
            </param>
          </params>
          <reporter-output>
          </reporter-output>
        </test-method> <!-- flushReports -->
        <test-method status="PASS" signature="tearDown()[pri:0, instance:au.wow.WLPmain.WeeklyTradingStatement.WeeklyTradingStatementStore@18920cc]" name="tearDown" is-config="true" duration-ms="1343" started-at="2019-11-13T17:13:09Z" finished-at="2019-11-13T17:13:10Z">
          <reporter-output>
          </reporter-output>
        </test-method> <!-- tearDown -->
        <test-method status="PASS" signature="flushReports1()[pri:0, instance:au.wow.WLPmain.WeeklyTradingStatement.WeeklyTradingStatementStore@18920cc]" name="flushReports1" is-config="true" duration-ms="3581" started-at="2019-11-13T17:13:11Z" finished-at="2019-11-13T17:13:14Z">
          <reporter-output>
          </reporter-output>
        </test-method> <!-- flushReports1 -->
      </class> <!-- au.wow.WLPmain.WeeklyTradingStatement.WeeklyTradingStatementStore -->
    </test> <!-- Default test -->
  </suite> <!-- Default suite -->
</testng-results>
