# JRE version: Java(TM) SE Runtime Environment (8.0_111-b14) (build 1.8.0_111-b14)
# Java VM: Java HotSpot(TM) 64-Bit Server VM (25.111-b14 mixed mode windows-amd64 compressed oops)
Heap:
 PSYoungGen      total 93696K, used 52565K [0x00000000e0000000, 0x00000000e8400000, 0x0000000100000000)
  eden space 85504K, 52% used [0x00000000e0000000,0x00000000e2b98798,0x00000000e5380000)
  from space 8192K, 96% used [0x00000000e7380000,0x00000000e7b3cf18,0x00000000e7b80000)
  to   space 8704K, 0% used [0x00000000e7b80000,0x00000000e7b80000,0x00000000e8400000)
 ParOldGen       total 56320K, used 24318K [0x00000000a0000000, 0x00000000a3700000, 0x00000000e0000000)
  object space 56320K, 43% used [0x00000000a0000000,0x00000000a17bfb88,0x00000000a3700000)
 Metaspace       used 32944K, capacity 33320K, committed 33536K, reserved 1079296K
  class space    used 3705K, capacity 3800K, committed 3840K, reserved 1048576K
GC Heap History (10 events):
Event: 782.648 GC heap before
{Heap before GC invocations=18 (full 1):
 PSYoungGen      total 110592K, used 110372K [0x00000000e0000000, 0x00000000e9c00000, 0x0000000100000000)
  eden space 101888K, 100% used [0x00000000e0000000,0x00000000e6380000,0x00000000e6380000)
  from space 8704K, 97% used [0x00000000e9380000,0x00000000e9bc9370,0x00000000e9c00000)
  to   space 11264K, 0% used [0x00000000e8600000,0x00000000e8600000,0x00000000e9100000)
 ParOldGen       total 56320K, used 20503K [0x00000000a0000000, 0x00000000a3700000, 0x00000000e0000000)
  object space 56320K, 36% used [0x00000000a0000000,0x00000000a1405eb0,0x00000000a3700000)
 Metaspace       used 31934K, capacity 32290K, committed 32512K, reserved 1077248K
  class space    used 3617K, capacity 3725K, committed 3840K, reserved 1048576K
Event: 782.660 GC heap after
Heap after GC invocations=18 (full 1):
 PSYoungGen      total 107520K, used 8933K [0x00000000e0000000, 0x00000000e9400000, 0x0000000100000000)
  eden space 98304K, 0% used [0x00000000e0000000,0x00000000e0000000,0x00000000e6000000)
  from space 9216K, 96% used [0x00000000e8600000,0x00000000e8eb96d8,0x00000000e8f00000)
  to   space 5120K, 0% used [0x00000000e8f00000,0x00000000e8f00000,0x00000000e9400000)
 ParOldGen       total 56320K, used 20511K [0x00000000a0000000, 0x00000000a3700000, 0x00000000e0000000)
  object space 56320K, 36% used [0x00000000a0000000,0x00000000a1407eb0,0x00000000a3700000)
 Metaspace       used 31934K, capacity 32290K, committed 32512K, reserved 1077248K
  class space    used 3617K, capacity 3725K, committed 3840K, reserved 1048576K
}
Event: 859.372 GC heap before
{Heap before GC invocations=19 (full 1):
 PSYoungGen      total 107520K, used 107237K [0x00000000e0000000, 0x00000000e9400000, 0x0000000100000000)
  eden space 98304K, 100% used [0x00000000e0000000,0x00000000e6000000,0x00000000e6000000)
  from space 9216K, 96% used [0x00000000e8600000,0x00000000e8eb96d8,0x00000000e8f00000)
  to   space 5120K, 0% used [0x00000000e8f00000,0x00000000e8f00000,0x00000000e9400000)
 ParOldGen       total 56320K, used 20511K [0x00000000a0000000, 0x00000000a3700000, 0x00000000e0000000)
  object space 56320K, 36% used [0x00000000a0000000,0x00000000a1407eb0,0x00000000a3700000)
 Metaspace       used 31939K, capacity 32290K, committed 32512K, reserved 1077248K
  class space    used 3617K, capacity 3725K, committed 3840K, reserved 1048576K
Event: 859.381 GC heap after
Heap after GC invocations=19 (full 1):
 PSYoungGen      total 99840K, used 5110K [0x00000000e0000000, 0x00000000e9400000, 0x0000000100000000)
  eden space 94720K, 0% used [0x00000000e0000000,0x00000000e0000000,0x00000000e5c80000)
  from space 5120K, 99% used [0x00000000e8f00000,0x00000000e93fd8f8,0x00000000e9400000)
  to   space 12800K, 0% used [0x00000000e7b00000,0x00000000e7b00000,0x00000000e8780000)
 ParOldGen       total 56320K, used 24294K [0x00000000a0000000, 0x00000000a3700000, 0x00000000e0000000)
  object space 56320K, 43% used [0x00000000a0000000,0x00000000a17b9b88,0x00000000a3700000)
 Metaspace       used 31939K, capacity 32290K, committed 32512K, reserved 1077248K
  class space    used 3617K, capacity 3725K, committed 3840K, reserved 1048576K
}
Event: 937.973 GC heap before
{Heap before GC invocations=20 (full 1):
 PSYoungGen      total 99840K, used 99830K [0x00000000e0000000, 0x00000000e9400000, 0x0000000100000000)
  eden space 94720K, 100% used [0x00000000e0000000,0x00000000e5c80000,0x00000000e5c80000)
  from space 5120K, 99% used [0x00000000e8f00000,0x00000000e93fd8f8,0x00000000e9400000)
  to   space 12800K, 0% used [0x00000000e7b00000,0x00000000e7b00000,0x00000000e8780000)
 ParOldGen       total 56320K, used 24294K [0x00000000a0000000, 0x00000000a3700000, 0x00000000e0000000)
  object space 56320K, 43% used [0x00000000a0000000,0x00000000a17b9b88,0x00000000a3700000)
 Metaspace       used 31959K, capacity 32296K, committed 32512K, reserved 1077248K
  class space    used 3617K, capacity 3726K, committed 3840K, reserved 1048576K
Event: 937.977 GC heap after
Heap after GC invocations=20 (full 1):
 PSYoungGen      total 97792K, used 5753K [0x00000000e0000000, 0x00000000e8f80000, 0x0000000100000000)
  eden space 91648K, 0% used [0x00000000e0000000,0x00000000e0000000,0x00000000e5980000)
  from space 6144K, 93% used [0x00000000e7b00000,0x00000000e809e7b8,0x00000000e8100000)
  to   space 12288K, 0% used [0x00000000e8380000,0x00000000e8380000,0x00000000e8f80000)
 ParOldGen       total 56320K, used 24302K [0x00000000a0000000, 0x00000000a3700000, 0x00000000e0000000)
  object space 56320K, 43% used [0x00000000a0000000,0x00000000a17bbb88,0x00000000a3700000)
 Metaspace       used 31959K, capacity 32296K, committed 32512K, reserved 1077248K
  class space    used 3617K, capacity 3726K, committed 3840K, reserved 1048576K
}
Event: 992.328 GC heap before
{Heap before GC invocations=21 (full 1):
 PSYoungGen      total 97792K, used 97401K [0x00000000e0000000, 0x00000000e8f80000, 0x0000000100000000)
  eden space 91648K, 100% used [0x00000000e0000000,0x00000000e5980000,0x00000000e5980000)
  from space 6144K, 93% used [0x00000000e7b00000,0x00000000e809e7b8,0x00000000e8100000)
  to   space 12288K, 0% used [0x00000000e8380000,0x00000000e8380000,0x00000000e8f80000)
 ParOldGen       total 56320K, used 24302K [0x00000000a0000000, 0x00000000a3700000, 0x00000000e0000000)
  object space 56320K, 43% used [0x00000000a0000000,0x00000000a17bbb88,0x00000000a3700000)
 Metaspace       used 32086K, capacity 32494K, committed 32768K, reserved 1079296K
  class space    used 3622K, capacity 3727K, committed 3840K, reserved 1048576K
Event: 992.334 GC heap after
Heap after GC invocations=21 (full 1):
 PSYoungGen      total 96768K, used 7689K [0x00000000e0000000, 0x00000000e8b80000, 0x0000000100000000)
  eden space 88576K, 0% used [0x00000000e0000000,0x00000000e0000000,0x00000000e5680000)
  from space 8192K, 93% used [0x00000000e8380000,0x00000000e8b02540,0x00000000e8b80000)
  to   space 12288K, 0% used [0x00000000e7380000,0x00000000e7380000,0x00000000e7f80000)
 ParOldGen       total 56320K, used 24310K [0x00000000a0000000, 0x00000000a3700000, 0x00000000e0000000)
  object space 56320K, 43% used [0x00000000a0000000,0x00000000a17bdb88,0x00000000a3700000)
 Metaspace       used 32086K, capacity 32494K, committed 32768K, reserved 1079296K
  class space    used 3622K, capacity 3727K, committed 3840K, reserved 1048576K
}
Event: 1046.058 GC heap before
{Heap before GC invocations=22 (full 1):
 PSYoungGen      total 96768K, used 96265K [0x00000000e0000000, 0x00000000e8b80000, 0x0000000100000000)
  eden space 88576K, 100% used [0x00000000e0000000,0x00000000e5680000,0x00000000e5680000)
  from space 8192K, 93% used [0x00000000e8380000,0x00000000e8b02540,0x00000000e8b80000)
  to   space 12288K, 0% used [0x00000000e7380000,0x00000000e7380000,0x00000000e7f80000)
 ParOldGen       total 56320K, used 24310K [0x00000000a0000000, 0x00000000a3700000, 0x00000000e0000000)
  object space 56320K, 43% used [0x00000000a0000000,0x00000000a17bdb88,0x00000000a3700000)
 Metaspace       used 32104K, capacity 32500K, committed 32768K, reserved 1079296K
  class space    used 3623K, capacity 3728K, committed 3840K, reserved 1048576K
Event: 1046.063 GC heap after
Heap after GC invocations=22 (full 1):
 PSYoungGen      total 93696K, used 7923K [0x00000000e0000000, 0x00000000e8400000, 0x0000000100000000)
  eden space 85504K, 0% used [0x00000000e0000000,0x00000000e0000000,0x00000000e5380000)
  from space 8192K, 96% used [0x00000000e7380000,0x00000000e7b3cf18,0x00000000e7b80000)
  to   space 8704K, 0% used [0x00000000e7b80000,0x00000000e7b80000,0x00000000e8400000)
 ParOldGen       total 56320K, used 24318K [0x00000000a0000000, 0x00000000a3700000, 0x00000000e0000000)
  object space 56320K, 43% used [0x00000000a0000000,0x00000000a17bfb88,0x00000000a3700000)
 Metaspace       used 32104K, capacity 32500K, committed 32768K, reserved 1079296K
  class space    used 3623K, capacity 3728K, committed 3840K, reserved 1048576K
}

