# JRE version: Java(TM) SE Runtime Environment (8.0_111-b14) (build 1.8.0_111-b14)
# Java VM: Java HotSpot(TM) 64-Bit Server VM (25.111-b14 mixed mode windows-amd64 compressed oops)
Heap:
 PSYoungGen      total 53248K, used 19638K [0x00000000e0000000, 0x00000000e3800000, 0x0000000100000000)
  eden space 49152K, 39% used [0x00000000e0000000,0x00000000e132d970,0x00000000e3000000)
  from space 4096K, 0% used [0x00000000e3000000,0x00000000e3000000,0x00000000e3400000)
  to   space 4096K, 0% used [0x00000000e3400000,0x00000000e3400000,0x00000000e3800000)
 ParOldGen       total 65536K, used 65520K [0x00000000a0000000, 0x00000000a4000000, 0x00000000e0000000)
  object space 65536K, 99% used [0x00000000a0000000,0x00000000a3ffc148,0x00000000a4000000)
 Metaspace       used 11383K, capacity 11580K, committed 11904K, reserved 1060864K
  class space    used 1299K, capacity 1339K, committed 1408K, reserved 1048576K
GC Heap History (10 events):
Event: 7.804 GC heap before
{Heap before GC invocations=3 (full 0):
 PSYoungGen      total 28672K, used 28653K [0x00000000e0000000, 0x00000000e2000000, 0x0000000100000000)
  eden space 24576K, 100% used [0x00000000e0000000,0x00000000e1800000,0x00000000e1800000)
  from space 4096K, 99% used [0x00000000e1c00000,0x00000000e1ffb450,0x00000000e2000000)
  to   space 4096K, 0% used [0x00000000e1800000,0x00000000e1800000,0x00000000e1c00000)
 ParOldGen       total 65536K, used 1908K [0x00000000a0000000, 0x00000000a4000000, 0x00000000e0000000)
  object space 65536K, 2% used [0x00000000a0000000,0x00000000a01dd0b8,0x00000000a4000000)
 Metaspace       used 11292K, capacity 11516K, committed 11648K, reserved 1058816K
  class space    used 1296K, capacity 1339K, committed 1408K, reserved 1048576K
Event: 7.831 GC heap after
Heap after GC invocations=3 (full 0):
 PSYoungGen      total 28672K, used 4080K [0x00000000e0000000, 0x00000000e3800000, 0x0000000100000000)
  eden space 24576K, 0% used [0x00000000e0000000,0x00000000e0000000,0x00000000e1800000)
  from space 4096K, 99% used [0x00000000e1800000,0x00000000e1bfc0a0,0x00000000e1c00000)
  to   space 4096K, 0% used [0x00000000e3400000,0x00000000e3400000,0x00000000e3800000)
 ParOldGen       total 65536K, used 13690K [0x00000000a0000000, 0x00000000a4000000, 0x00000000e0000000)
  object space 65536K, 20% used [0x00000000a0000000,0x00000000a0d5eba8,0x00000000a4000000)
 Metaspace       used 11292K, capacity 11516K, committed 11648K, reserved 1058816K
  class space    used 1296K, capacity 1339K, committed 1408K, reserved 1048576K
}
Event: 8.048 GC heap before
{Heap before GC invocations=4 (full 0):
 PSYoungGen      total 28672K, used 28656K [0x00000000e0000000, 0x00000000e3800000, 0x0000000100000000)
  eden space 24576K, 100% used [0x00000000e0000000,0x00000000e1800000,0x00000000e1800000)
  from space 4096K, 99% used [0x00000000e1800000,0x00000000e1bfc0a0,0x00000000e1c00000)
  to   space 4096K, 0% used [0x00000000e3400000,0x00000000e3400000,0x00000000e3800000)
 ParOldGen       total 65536K, used 13690K [0x00000000a0000000, 0x00000000a4000000, 0x00000000e0000000)
  object space 65536K, 20% used [0x00000000a0000000,0x00000000a0d5eba8,0x00000000a4000000)
 Metaspace       used 11303K, capacity 11516K, committed 11648K, reserved 1058816K
  class space    used 1296K, capacity 1339K, committed 1408K, reserved 1048576K
Event: 8.091 GC heap after
Heap after GC invocations=4 (full 0):
 PSYoungGen      total 53248K, used 4089K [0x00000000e0000000, 0x00000000e3800000, 0x0000000100000000)
  eden space 49152K, 0% used [0x00000000e0000000,0x00000000e0000000,0x00000000e3000000)
  from space 4096K, 99% used [0x00000000e3400000,0x00000000e37fe688,0x00000000e3800000)
  to   space 4096K, 0% used [0x00000000e3000000,0x00000000e3000000,0x00000000e3400000)
 ParOldGen       total 65536K, used 25900K [0x00000000a0000000, 0x00000000a4000000, 0x00000000e0000000)
  object space 65536K, 39% used [0x00000000a0000000,0x00000000a194b3f0,0x00000000a4000000)
 Metaspace       used 11303K, capacity 11516K, committed 11648K, reserved 1058816K
  class space    used 1296K, capacity 1339K, committed 1408K, reserved 1048576K
}
Event: 8.495 GC heap before
{Heap before GC invocations=5 (full 0):
 PSYoungGen      total 53248K, used 53241K [0x00000000e0000000, 0x00000000e3800000, 0x0000000100000000)
  eden space 49152K, 100% used [0x00000000e0000000,0x00000000e3000000,0x00000000e3000000)
  from space 4096K, 99% used [0x00000000e3400000,0x00000000e37fe688,0x00000000e3800000)
  to   space 4096K, 0% used [0x00000000e3000000,0x00000000e3000000,0x00000000e3400000)
 ParOldGen       total 65536K, used 25900K [0x00000000a0000000, 0x00000000a4000000, 0x00000000e0000000)
  object space 65536K, 39% used [0x00000000a0000000,0x00000000a194b3f0,0x00000000a4000000)
 Metaspace       used 11309K, capacity 11516K, committed 11648K, reserved 1058816K
  class space    used 1296K, capacity 1339K, committed 1408K, reserved 1048576K
Event: 8.648 GC heap after
Heap after GC invocations=5 (full 0):
 PSYoungGen      total 53248K, used 4080K [0x00000000e0000000, 0x00000000e3800000, 0x0000000100000000)
  eden space 49152K, 0% used [0x00000000e0000000,0x00000000e0000000,0x00000000e3000000)
  from space 4096K, 99% used [0x00000000e3000000,0x00000000e33fc0a0,0x00000000e3400000)
  to   space 4096K, 0% used [0x00000000e3400000,0x00000000e3400000,0x00000000e3800000)
 ParOldGen       total 65536K, used 50967K [0x00000000a0000000, 0x00000000a4000000, 0x00000000e0000000)
  object space 65536K, 77% used [0x00000000a0000000,0x00000000a31c5e30,0x00000000a4000000)
 Metaspace       used 11309K, capacity 11516K, committed 11648K, reserved 1058816K
  class space    used 1296K, capacity 1339K, committed 1408K, reserved 1048576K
}
Event: 8.648 GC heap before
{Heap before GC invocations=6 (full 1):
 PSYoungGen      total 53248K, used 4080K [0x00000000e0000000, 0x00000000e3800000, 0x0000000100000000)
  eden space 49152K, 0% used [0x00000000e0000000,0x00000000e0000000,0x00000000e3000000)
  from space 4096K, 99% used [0x00000000e3000000,0x00000000e33fc0a0,0x00000000e3400000)
  to   space 4096K, 0% used [0x00000000e3400000,0x00000000e3400000,0x00000000e3800000)
 ParOldGen       total 65536K, used 50967K [0x00000000a0000000, 0x00000000a4000000, 0x00000000e0000000)
  object space 65536K, 77% used [0x00000000a0000000,0x00000000a31c5e30,0x00000000a4000000)
 Metaspace       used 11309K, capacity 11516K, committed 11648K, reserved 1058816K
  class space    used 1296K, capacity 1339K, committed 1408K, reserved 1048576K
Event: 8.971 GC heap after
Heap after GC invocations=6 (full 1):
 PSYoungGen      total 53248K, used 0K [0x00000000e0000000, 0x00000000e3800000, 0x0000000100000000)
  eden space 49152K, 0% used [0x00000000e0000000,0x00000000e0000000,0x00000000e3000000)
  from space 4096K, 0% used [0x00000000e3000000,0x00000000e3000000,0x00000000e3400000)
  to   space 4096K, 0% used [0x00000000e3400000,0x00000000e3400000,0x00000000e3800000)
 ParOldGen       total 65536K, used 53581K [0x00000000a0000000, 0x00000000a4000000, 0x00000000e0000000)
  object space 65536K, 81% used [0x00000000a0000000,0x00000000a3453578,0x00000000a4000000)
 Metaspace       used 11309K, capacity 11516K, committed 11648K, reserved 1058816K
  class space    used 1296K, capacity 1339K, committed 1408K, reserved 1048576K
}
Event: 9.419 GC heap before
{Heap before GC invocations=7 (full 2):
 PSYoungGen      total 53248K, used 49152K [0x00000000e0000000, 0x00000000e3800000, 0x0000000100000000)
  eden space 49152K, 100% used [0x00000000e0000000,0x00000000e3000000,0x00000000e3000000)
  from space 4096K, 0% used [0x00000000e3000000,0x00000000e3000000,0x00000000e3400000)
  to   space 4096K, 0% used [0x00000000e3400000,0x00000000e3400000,0x00000000e3800000)
 ParOldGen       total 65536K, used 53581K [0x00000000a0000000, 0x00000000a4000000, 0x00000000e0000000)
  object space 65536K, 81% used [0x00000000a0000000,0x00000000a3453578,0x00000000a4000000)
 Metaspace       used 11346K, capacity 11516K, committed 11648K, reserved 1058816K
  class space    used 1299K, capacity 1339K, committed 1408K, reserved 1048576K
Event: 9.662 GC heap after
Heap after GC invocations=7 (full 2):
 PSYoungGen      total 53248K, used 12335K [0x00000000e0000000, 0x00000000e3800000, 0x0000000100000000)
  eden space 49152K, 25% used [0x00000000e0000000,0x00000000e0c0bdf8,0x00000000e3000000)
  from space 4096K, 0% used [0x00000000e3000000,0x00000000e3000000,0x00000000e3400000)
  to   space 4096K, 0% used [0x00000000e3400000,0x00000000e3400000,0x00000000e3800000)
 ParOldGen       total 65536K, used 65520K [0x00000000a0000000, 0x00000000a4000000, 0x00000000e0000000)
  object space 65536K, 99% used [0x00000000a0000000,0x00000000a3ffc148,0x00000000a4000000)
 Metaspace       used 11346K, capacity 11516K, committed 11648K, reserved 1058816K
  class space    used 1299K, capacity 1339K, committed 1408K, reserved 1048576K
}

