# JRE version: Java(TM) SE Runtime Environment (8.0_111-b14) (build 1.8.0_111-b14)
# Java VM: Java HotSpot(TM) 64-Bit Server VM (25.111-b14 mixed mode windows-amd64 compressed oops)
Heap:
 PSYoungGen      total 53248K, used 11671K [0x00000000e0000000, 0x00000000e9e00000, 0x0000000100000000)
  eden space 49152K, 23% used [0x00000000e0000000,0x00000000e0b65f40,0x00000000e3000000)
  from space 4096K, 0% used [0x00000000e3000000,0x00000000e3000000,0x00000000e3400000)
  to   space 31744K, 0% used [0x00000000e7f00000,0x00000000e7f00000,0x00000000e9e00000)
 ParOldGen       total 65536K, used 53961K [0x00000000a0000000, 0x00000000a4000000, 0x00000000e0000000)
  object space 65536K, 82% used [0x00000000a0000000,0x00000000a34b2468,0x00000000a4000000)
 Metaspace       used 11292K, capacity 11516K, committed 11648K, reserved 1058816K
  class space    used 1294K, capacity 1339K, committed 1408K, reserved 1048576K
GC Heap History (10 events):
Event: 7.158 GC heap before
{Heap before GC invocations=2 (full 0):
 PSYoungGen      total 28672K, used 28646K [0x00000000e0000000, 0x00000000e2000000, 0x0000000100000000)
  eden space 24576K, 100% used [0x00000000e0000000,0x00000000e1800000,0x00000000e1800000)
  from space 4096K, 99% used [0x00000000e1800000,0x00000000e1bf9940,0x00000000e1c00000)
  to   space 4096K, 0% used [0x00000000e1c00000,0x00000000e1c00000,0x00000000e2000000)
 ParOldGen       total 65536K, used 49K [0x00000000a0000000, 0x00000000a4000000, 0x00000000e0000000)
  object space 65536K, 0% used [0x00000000a0000000,0x00000000a000c758,0x00000000a4000000)
 Metaspace       used 11206K, capacity 11420K, committed 11648K, reserved 1058816K
  class space    used 1292K, capacity 1307K, committed 1408K, reserved 1048576K
Event: 7.172 GC heap after
Heap after GC invocations=2 (full 0):
 PSYoungGen      total 28672K, used 4077K [0x00000000e0000000, 0x00000000e2000000, 0x0000000100000000)
  eden space 24576K, 0% used [0x00000000e0000000,0x00000000e0000000,0x00000000e1800000)
  from space 4096K, 99% used [0x00000000e1c00000,0x00000000e1ffb410,0x00000000e2000000)
  to   space 4096K, 0% used [0x00000000e1800000,0x00000000e1800000,0x00000000e1c00000)
 ParOldGen       total 65536K, used 2427K [0x00000000a0000000, 0x00000000a4000000, 0x00000000e0000000)
  object space 65536K, 3% used [0x00000000a0000000,0x00000000a025ef60,0x00000000a4000000)
 Metaspace       used 11206K, capacity 11420K, committed 11648K, reserved 1058816K
  class space    used 1292K, capacity 1307K, committed 1408K, reserved 1048576K
}
Event: 7.417 GC heap before
{Heap before GC invocations=3 (full 0):
 PSYoungGen      total 28672K, used 28653K [0x00000000e0000000, 0x00000000e2000000, 0x0000000100000000)
  eden space 24576K, 100% used [0x00000000e0000000,0x00000000e1800000,0x00000000e1800000)
  from space 4096K, 99% used [0x00000000e1c00000,0x00000000e1ffb410,0x00000000e2000000)
  to   space 4096K, 0% used [0x00000000e1800000,0x00000000e1800000,0x00000000e1c00000)
 ParOldGen       total 65536K, used 2427K [0x00000000a0000000, 0x00000000a4000000, 0x00000000e0000000)
  object space 65536K, 3% used [0x00000000a0000000,0x00000000a025ef60,0x00000000a4000000)
 Metaspace       used 11275K, capacity 11516K, committed 11648K, reserved 1058816K
  class space    used 1294K, capacity 1339K, committed 1408K, reserved 1048576K
Event: 7.444 GC heap after
Heap after GC invocations=3 (full 0):
 PSYoungGen      total 28672K, used 4069K [0x00000000e0000000, 0x00000000e3800000, 0x0000000100000000)
  eden space 24576K, 0% used [0x00000000e0000000,0x00000000e0000000,0x00000000e1800000)
  from space 4096K, 99% used [0x00000000e1800000,0x00000000e1bf9568,0x00000000e1c00000)
  to   space 4096K, 0% used [0x00000000e3400000,0x00000000e3400000,0x00000000e3800000)
 ParOldGen       total 65536K, used 14019K [0x00000000a0000000, 0x00000000a4000000, 0x00000000e0000000)
  object space 65536K, 21% used [0x00000000a0000000,0x00000000a0db0d88,0x00000000a4000000)
 Metaspace       used 11275K, capacity 11516K, committed 11648K, reserved 1058816K
  class space    used 1294K, capacity 1339K, committed 1408K, reserved 1048576K
}
Event: 7.674 GC heap before
{Heap before GC invocations=4 (full 0):
 PSYoungGen      total 28672K, used 28645K [0x00000000e0000000, 0x00000000e3800000, 0x0000000100000000)
  eden space 24576K, 100% used [0x00000000e0000000,0x00000000e1800000,0x00000000e1800000)
  from space 4096K, 99% used [0x00000000e1800000,0x00000000e1bf9568,0x00000000e1c00000)
  to   space 4096K, 0% used [0x00000000e3400000,0x00000000e3400000,0x00000000e3800000)
 ParOldGen       total 65536K, used 14019K [0x00000000a0000000, 0x00000000a4000000, 0x00000000e0000000)
  object space 65536K, 21% used [0x00000000a0000000,0x00000000a0db0d88,0x00000000a4000000)
 Metaspace       used 11285K, capacity 11516K, committed 11648K, reserved 1058816K
  class space    used 1294K, capacity 1339K, committed 1408K, reserved 1048576K
Event: 7.712 GC heap after
Heap after GC invocations=4 (full 0):
 PSYoungGen      total 53248K, used 4087K [0x00000000e0000000, 0x00000000e3800000, 0x0000000100000000)
  eden space 49152K, 0% used [0x00000000e0000000,0x00000000e0000000,0x00000000e3000000)
  from space 4096K, 99% used [0x00000000e3400000,0x00000000e37fdef8,0x00000000e3800000)
  to   space 4096K, 0% used [0x00000000e3000000,0x00000000e3000000,0x00000000e3400000)
 ParOldGen       total 65536K, used 26436K [0x00000000a0000000, 0x00000000a4000000, 0x00000000e0000000)
  object space 65536K, 40% used [0x00000000a0000000,0x00000000a19d1218,0x00000000a4000000)
 Metaspace       used 11285K, capacity 11516K, committed 11648K, reserved 1058816K
  class space    used 1294K, capacity 1339K, committed 1408K, reserved 1048576K
}
Event: 8.097 GC heap before
{Heap before GC invocations=5 (full 0):
 PSYoungGen      total 53248K, used 53239K [0x00000000e0000000, 0x00000000e3800000, 0x0000000100000000)
  eden space 49152K, 100% used [0x00000000e0000000,0x00000000e3000000,0x00000000e3000000)
  from space 4096K, 99% used [0x00000000e3400000,0x00000000e37fdef8,0x00000000e3800000)
  to   space 4096K, 0% used [0x00000000e3000000,0x00000000e3000000,0x00000000e3400000)
 ParOldGen       total 65536K, used 26436K [0x00000000a0000000, 0x00000000a4000000, 0x00000000e0000000)
  object space 65536K, 40% used [0x00000000a0000000,0x00000000a19d1218,0x00000000a4000000)
 Metaspace       used 11289K, capacity 11516K, committed 11648K, reserved 1058816K
  class space    used 1294K, capacity 1339K, committed 1408K, reserved 1048576K
Event: 8.164 GC heap after
Heap after GC invocations=5 (full 0):
 PSYoungGen      total 53248K, used 4090K [0x00000000e0000000, 0x00000000e9e00000, 0x0000000100000000)
  eden space 49152K, 0% used [0x00000000e0000000,0x00000000e0000000,0x00000000e3000000)
  from space 4096K, 99% used [0x00000000e3000000,0x00000000e33feb18,0x00000000e3400000)
  to   space 31744K, 0% used [0x00000000e7f00000,0x00000000e7f00000,0x00000000e9e00000)
 ParOldGen       total 65536K, used 51547K [0x00000000a0000000, 0x00000000a4000000, 0x00000000e0000000)
  object space 65536K, 78% used [0x00000000a0000000,0x00000000a3256fd0,0x00000000a4000000)
 Metaspace       used 11289K, capacity 11516K, committed 11648K, reserved 1058816K
  class space    used 1294K, capacity 1339K, committed 1408K, reserved 1048576K
}
Event: 8.164 GC heap before
{Heap before GC invocations=6 (full 1):
 PSYoungGen      total 53248K, used 4090K [0x00000000e0000000, 0x00000000e9e00000, 0x0000000100000000)
  eden space 49152K, 0% used [0x00000000e0000000,0x00000000e0000000,0x00000000e3000000)
  from space 4096K, 99% used [0x00000000e3000000,0x00000000e33feb18,0x00000000e3400000)
  to   space 31744K, 0% used [0x00000000e7f00000,0x00000000e7f00000,0x00000000e9e00000)
 ParOldGen       total 65536K, used 51547K [0x00000000a0000000, 0x00000000a4000000, 0x00000000e0000000)
  object space 65536K, 78% used [0x00000000a0000000,0x00000000a3256fd0,0x00000000a4000000)
 Metaspace       used 11289K, capacity 11516K, committed 11648K, reserved 1058816K
  class space    used 1294K, capacity 1339K, committed 1408K, reserved 1048576K
Event: 8.516 GC heap after
Heap after GC invocations=6 (full 1):
 PSYoungGen      total 53248K, used 0K [0x00000000e0000000, 0x00000000e9e00000, 0x0000000100000000)
  eden space 49152K, 0% used [0x00000000e0000000,0x00000000e0000000,0x00000000e3000000)
  from space 4096K, 0% used [0x00000000e3000000,0x00000000e3000000,0x00000000e3400000)
  to   space 31744K, 0% used [0x00000000e7f00000,0x00000000e7f00000,0x00000000e9e00000)
 ParOldGen       total 65536K, used 53961K [0x00000000a0000000, 0x00000000a4000000, 0x00000000e0000000)
  object space 65536K, 82% used [0x00000000a0000000,0x00000000a34b2468,0x00000000a4000000)
 Metaspace       used 11289K, capacity 11516K, committed 11648K, reserved 1058816K
  class space    used 1294K, capacity 1339K, committed 1408K, reserved 1048576K
}

